[Fri, 12 May 2006 08:34:09 -0400] 127.0.0.1 User logged in id1 admin [Mozilla/4.0 (compatible; MSIE 6.0; Windows NT 5.1; SV1; HCI0534; .NET CLR 1.1.4322)]
[Fri, 12 May 2006 10:16:50 -0400] 127.0.0.1 User logged out id1 admin
[Fri, 12 May 2006 10:18:37 -0400] 127.0.0.1 User logged in id1 admin [Mozilla/4.0 (compatible; MSIE 6.0; Windows NT 5.1; SV1; HCI0534; .NET CLR 1.1.4322)]
[Fri, 12 May 2006 10:22:08 -0400] AUDIT: admin created a new rule in preparation for a change request
[Fri, 12 May 2006 10:35:22 -0400] AUDIT: admindeleted 1 rules from the database.
[Fri, 12 May 2006 11:09:19 -0400] AUDIT: admin created a new rule in preparation for a change request
[Fri, 12 May 2006 11:10:54 -0400] AUDIT: admindeleted 1 rules from the database.
[Fri, 12 May 2006 11:11:02 -0400] AUDIT: admin created a new rule in preparation for a change request
[Fri, 12 May 2006 11:12:22 -0400] AUDIT: admindeleted 1 rules from the database.
[Fri, 12 May 2006 11:13:44 -0400] AUDIT: admin created a new rule in preparation for a change request
[Fri, 12 May 2006 11:14:46 -0400] AUDIT: admin created a new rule in preparation for a change request
[Fri, 12 May 2006 11:16:16 -0400] AUDIT: admindeleted 2 rules from the database.
[Fri, 12 May 2006 11:17:41 -0400] AUDIT: admin created a new rule in preparation for a change request
[Fri, 12 May 2006 11:24:00 -0400] 127.0.0.1 User logged out id1 admin
[Fri, 12 May 2006 11:26:09 -0400] 127.0.0.1 User logged in id1 admin [Mozilla/4.0 (compatible; MSIE 6.0; Windows NT 5.1; SV1; HCI0534; .NET CLR 1.1.4322)]
[Fri, 12 May 2006 11:28:56 -0400] AUDIT: admin created a new rule in preparation for a change request
[Fri, 12 May 2006 11:31:20 -0400] AUDIT: admindeleted 2 rules from the database.
[Fri, 12 May 2006 11:57:38 -0400] AUDIT: admin created a new rule in preparation for a change request
[Fri, 12 May 2006 12:48:50 -0400] AUDIT: admin created a new rule in preparation for a change request
[Fri, 12 May 2006 12:56:24 -0400] AUDIT: admin created a new rule in preparation for a change request
[Fri, 12 May 2006 13:01:04 -0400] AUDIT: admindeleted 1 rules from the database.
[Fri, 12 May 2006 13:06:52 -0400] AUDIT: admin created a new rule in preparation for a change request
[Fri, 12 May 2006 13:07:15 -0400] AUDIT: admin created a new rule in preparation for a change request
[Fri, 12 May 2006 13:07:29 -0400] AUDIT: admin created a new rule in preparation for a change request
[Fri, 12 May 2006 13:08:02 -0400] AUDIT: admin created a new rule in preparation for a change request
[Fri, 12 May 2006 13:08:45 -0400] AUDIT: admin created a new rule in preparation for a change request
[Fri, 12 May 2006 13:18:21 -0400] AUDIT: admin created a new rule in preparation for a change request
[Fri, 12 May 2006 13:19:11 -0400] AUDIT: admin created a new rule in preparation for a change request
[Fri, 12 May 2006 13:19:11 -0400] AUDIT: admin created a new rule in preparation for a change request
[Fri, 12 May 2006 13:22:33 -0400] AUDIT: admin created a new rule in preparation for a change request
[Fri, 12 May 2006 13:22:33 -0400] AUDIT: admin created a new rule in preparation for a change request
[Fri, 12 May 2006 13:23:11 -0400] AUDIT: admin created a new rule in preparation for a change request
[Fri, 12 May 2006 13:23:37 -0400] AUDIT: admin created a new rule in preparation for a change request
[Fri, 12 May 2006 13:26:23 -0400] AUDIT: admin created a new rule in preparation for a change request
[Fri, 12 May 2006 13:34:43 -0400] AUDIT: admin created a new rule in preparation for a change request
[Fri, 12 May 2006 13:34:43 -0400] AUDIT: admin created a new rule in preparation for a change request
[Fri, 12 May 2006 14:02:03 -0400] AUDIT: admindeleted 17 rules from the database.
[Fri, 12 May 2006 14:03:33 -0400] AUDIT: admin created a new rule in preparation for a change request
[Fri, 12 May 2006 14:27:02 -0400] 127.0.0.1 User logged in id1 admin [Mozilla/4.0 (compatible; MSIE 6.0; Windows NT 5.1; SV1; HCI0534; .NET CLR 1.1.4322)]
[Fri, 12 May 2006 16:27:56 -0400] AUDIT: admin created a new rule in preparation for a change request
[Fri, 12 May 2006 16:28:58 -0400] AUDIT: admindeleted 1 rules from the database.
[Fri, 12 May 2006 16:29:30 -0400] AUDIT: admin created a new rule in preparation for a change request
[Fri, 12 May 2006 16:29:55 -0400] AUDIT: admin created a new rule in preparation for a change request
[Mon, 15 May 2006 11:06:57 -0400] 127.0.0.1 User logged in id1 admin [Mozilla/4.0 (compatible; MSIE 6.0; Windows NT 5.1; SV1; HCI0534; .NET CLR 1.1.4322)]
[Mon, 15 May 2006 14:54:16 -0400] 127.0.0.1 User logged in id1 admin [Mozilla/4.0 (compatible; MSIE 6.0; Windows NT 5.1; SV1; HCI0534; .NET CLR 1.1.4322)]
[Mon, 15 May 2006 17:16:07 -0400] 127.0.0.1 User logged in id1 admin [Mozilla/4.0 (compatible; MSIE 6.0; Windows NT 5.1; SV1; HCI0534; .NET CLR 1.1.4322)]
[Mon, 15 May 2006 20:15:08 -0400] 127.0.0.1 User logged in id1 admin [Mozilla/4.0 (compatible; MSIE 6.0; Windows NT 5.1; SV1; HCI0534; .NET CLR 1.1.4322)]
[Mon, 15 May 2006 21:34:42 -0400] AUDIT: admindeleted 1 rules from the database.
[Mon, 15 May 2006 21:37:03 -0400] AUDIT: admin created a new rule in preparation for a change request
[Mon, 15 May 2006 21:37:54 -0400] AUDIT: admindeleted 2 rules from the database.
[Mon, 15 May 2006 21:39:06 -0400] AUDIT: admin created a new rule in preparation for a change request
[Mon, 15 May 2006 21:39:27 -0400] AUDIT: admin created a new rule in preparation for a change request
[Mon, 15 May 2006 21:40:28 -0400] AUDIT: admin created a new rule in preparation for a change request
[Mon, 15 May 2006 21:40:28 -0400] AUDIT: admin created a new rule in preparation for a change request
[Mon, 15 May 2006 21:43:04 -0400] AUDIT: admin created a new rule in preparation for a change request
[Mon, 15 May 2006 21:44:53 -0400] AUDIT: Change request 62 submitted by admin
[Mon, 15 May 2006 21:47:38 -0400] AUDIT: admin created a new rule in preparation for a change request
[Mon, 15 May 2006 21:47:50 -0400] AUDIT: Change request 63 submitted by admin
[Mon, 15 May 2006 21:48:06 -0400] AUDIT: admin created a new rule in preparation for a change request
[Mon, 15 May 2006 21:48:17 -0400] AUDIT: Change request 64 submitted by admin
[Tue, 16 May 2006 10:10:23 -0400] 127.0.0.1 User logged in id1 admin [Mozilla/4.0 (compatible; MSIE 6.0; Windows NT 5.1; SV1; HCI0534; .NET CLR 1.1.4322)]
[Tue, 16 May 2006 14:05:45 -0400] 127.0.0.1 User logged in id2 mjarjour [Mozilla/4.0 (compatible; MSIE 6.0; Windows NT 5.1; SV1; HCI0534; .NET CLR 1.1.4322)]
[Tue, 16 May 2006 14:05:53 -0400] 127.0.0.1 User logged out id2 mjarjour
[Fri, 19 May 2006 12:34:39 -0400] 127.0.0.1 User logged in id1 admin [Mozilla/4.0 (compatible; MSIE 6.0; Windows NT 5.1; SV1; HCI0534; .NET CLR 1.1.4322)]
[Fri, 19 May 2006 16:41:39 -0400] 127.0.0.1 User logged in id1 admin [Mozilla/4.0 (compatible; MSIE 6.0; Windows NT 5.1; SV1; HCI0534; .NET CLR 1.1.4322)]
[Sun, 21 May 2006 20:40:40 -0400] 127.0.0.1 User logged in id1 admin [Mozilla/4.0 (compatible; MSIE 6.0; Windows NT 5.1; SV1; HCI0534; .NET CLR 1.1.4322)]
[Sun, 21 May 2006 21:51:18 -0400] 127.0.0.1 User logged in id1 admin [Mozilla/4.0 (compatible; MSIE 6.0; Windows NT 5.1; SV1; HCI0534; .NET CLR 1.1.4322)]
[Mon, 22 May 2006 21:41:56 -0400] 127.0.0.1 User logged in id1 admin [Mozilla/5.0 (Windows; U; Windows NT 5.1; en-US; rv:1.7.12) Gecko/20050915 Firefox/1.0.7 (ax)]
[Tue, 23 May 2006 09:11:31 -0400] 127.0.0.1 Login attempt failed for user (admin)
[Tue, 23 May 2006 09:11:34 -0400] 127.0.0.1 User logged in id1 admin [Mozilla/4.0 (compatible; MSIE 6.0; Windows NT 5.1; SV1; HCI0534; .NET CLR 1.1.4322)]
[Tue, 23 May 2006 09:11:36 -0400] 127.0.0.1 User logged out id1 admin
[Tue, 23 May 2006 09:11:47 -0400] 127.0.0.1 User logged in id41 sz1y0c [Mozilla/4.0 (compatible; MSIE 6.0; Windows NT 5.1; SV1; HCI0534; .NET CLR 1.1.4322)]
[Tue, 23 May 2006 09:45:26 -0400] 127.0.0.1 User logged in id1 admin [Mozilla/4.0 (compatible; MSIE 6.0; Windows NT 5.1; SV1; HCI0534; .NET CLR 1.1.4322)]
[Tue, 23 May 2006 13:09:29 -0400] 127.0.0.1 User logged out id1 admin
[Tue, 23 May 2006 13:09:38 -0400] 127.0.0.1 User logged in id41 sz1y0c [Mozilla/4.0 (compatible; MSIE 6.0; Windows NT 5.1; SV1; HCI0534; .NET CLR 1.1.4322)]
[Tue, 23 May 2006 13:19:54 -0400] 127.0.0.1 User logged in id1 admin [Mozilla/4.0 (compatible; MSIE 6.0; Windows NT 5.1; SV1; HCI0534; .NET CLR 1.1.4322)]
[Tue, 23 May 2006 13:33:47 -0400] AUDIT: Change request 52 submitted by admin
[Tue, 23 May 2006 14:05:10 -0400] AUDIT: admin created a new rule in preparation for a change request
[Tue, 23 May 2006 14:05:34 -0400] AUDIT: Change request 53 submitted by admin
[Tue, 23 May 2006 14:12:27 -0400] AUDIT: admin created a new rule in preparation for a change request
[Tue, 23 May 2006 14:12:44 -0400] AUDIT: Change request 54 submitted by admin
[Tue, 23 May 2006 14:20:15 -0400] AUDIT: admin created a new rule in preparation for a change request
[Tue, 23 May 2006 14:20:37 -0400] AUDIT: Change request 55 submitted by admin
[Tue, 23 May 2006 14:34:01 -0400] AUDIT: admin created a new rule in preparation for a change request
[Tue, 23 May 2006 14:47:59 -0400] AUDIT: Change request 56 submitted by admin
[Tue, 23 May 2006 14:53:13 -0400] AUDIT: admin created a new rule in preparation for a change request
[Tue, 23 May 2006 14:53:13 -0400] AUDIT: admin created a new rule in preparation for a change request
[Tue, 23 May 2006 15:03:09 -0400] AUDIT: admin created a new rule in preparation for a change request
[Tue, 23 May 2006 15:03:09 -0400] AUDIT: admin created a new rule in preparation for a change request
[Tue, 23 May 2006 15:03:28 -0400] AUDIT: Change request 57 submitted by admin
[Tue, 23 May 2006 15:06:49 -0400] 127.0.0.1 User logged out id1 admin
[Tue, 23 May 2006 15:06:57 -0400] 127.0.0.1 User logged in id41 sz1y0c [Mozilla/4.0 (compatible; MSIE 6.0; Windows NT 5.1; SV1; HCI0534; .NET CLR 1.1.4322)]
[Wed, 24 May 2006 13:09:59 -0400] 127.0.0.1 User logged out id41 sz1y0c
[Wed, 24 May 2006 13:10:03 -0400] 127.0.0.1 User logged in id1 admin [Mozilla/4.0 (compatible; MSIE 6.0; Windows NT 5.1; SV1; HCI0534; .NET CLR 1.1.4322)]
[Wed, 24 May 2006 13:10:14 -0400] AUDIT: admin created a new rule in preparation for a change request
[Wed, 24 May 2006 13:11:21 -0400] 127.0.0.1 User logged out id1 admin
[Wed, 24 May 2006 13:11:30 -0400] 127.0.0.1 User logged in id41 sz1y0c [Mozilla/4.0 (compatible; MSIE 6.0; Windows NT 5.1; SV1; HCI0534; .NET CLR 1.1.4322)]
[Wed, 24 May 2006 13:11:39 -0400] 127.0.0.1 User logged out id41 sz1y0c
[Wed, 24 May 2006 13:11:43 -0400] 127.0.0.1 User logged in id1 admin [Mozilla/4.0 (compatible; MSIE 6.0; Windows NT 5.1; SV1; HCI0534; .NET CLR 1.1.4322)]
[Wed, 24 May 2006 13:11:58 -0400] 127.0.0.1 User logged out id1 admin
[Wed, 24 May 2006 13:12:02 -0400] 127.0.0.1 Login attempt failed for user (FZHBV5)
[Wed, 24 May 2006 13:12:07 -0400] 127.0.0.1 User logged in id1 admin [Mozilla/4.0 (compatible; MSIE 6.0; Windows NT 5.1; SV1; HCI0534; .NET CLR 1.1.4322)]
[Wed, 24 May 2006 13:12:29 -0400] AUDIT: Password reset and user details updated for FZHBV5 by admin
[Wed, 24 May 2006 13:12:31 -0400] 127.0.0.1 User logged out id1 admin
[Wed, 24 May 2006 13:12:40 -0400] 127.0.0.1 User logged in id95 FZHBV5 [Mozilla/4.0 (compatible; MSIE 6.0; Windows NT 5.1; SV1; HCI0534; .NET CLR 1.1.4322)]
[Wed, 24 May 2006 13:12:50 -0400] AUDIT: FZHBV5 created a new rule in preparation for a change request
[Wed, 24 May 2006 13:17:58 -0400] 127.0.0.1 User logged out id95 FZHBV5
[Wed, 24 May 2006 13:18:04 -0400] 127.0.0.1 User logged in id1 admin [Mozilla/4.0 (compatible; MSIE 6.0; Windows NT 5.1; SV1; HCI0534; .NET CLR 1.1.4322)]
[Wed, 24 May 2006 15:20:41 -0400] 127.0.0.1 User logged out id1 admin
[Wed, 24 May 2006 15:20:58 -0400] 127.0.0.1 User logged in id95 FZHBV5 [Mozilla/4.0 (compatible; MSIE 6.0; Windows NT 5.1; SV1; HCI0534; .NET CLR 1.1.4322)]
[Wed, 24 May 2006 15:28:25 -0400] 127.0.0.1 User logged out id95 FZHBV5
[Wed, 24 May 2006 15:28:34 -0400] 127.0.0.1 User logged in id41 sz1y0c [Mozilla/4.0 (compatible; MSIE 6.0; Windows NT 5.1; SV1; HCI0534; .NET CLR 1.1.4322)]
[Wed, 24 May 2006 22:12:38 -0400] 127.0.0.1 User logged in id1 admin [Mozilla/4.0 (compatible; MSIE 6.0; Windows NT 5.1; SV1; HCI0534; .NET CLR 1.1.4322)]
[Wed, 24 May 2006 22:28:04 -0400] 127.0.0.1 User logged out id1 admin
[Wed, 24 May 2006 22:28:13 -0400] 127.0.0.1 User logged in id41 sz1y0c [Mozilla/4.0 (compatible; MSIE 6.0; Windows NT 5.1; SV1; HCI0534; .NET CLR 1.1.4322)]
[Wed, 24 May 2006 22:29:34 -0400] AUDIT: Change request 59 submitted by sz1y0c
[Wed, 24 May 2006 22:30:34 -0400] 127.0.0.1 User logged out id41 sz1y0c
[Wed, 24 May 2006 22:30:37 -0400] 127.0.0.1 User logged in id1 admin [Mozilla/4.0 (compatible; MSIE 6.0; Windows NT 5.1; SV1; HCI0534; .NET CLR 1.1.4322)]
[Wed, 24 May 2006 22:31:44 -0400] AUDIT: Change request 60 submitted by admin
[Wed, 24 May 2006 22:35:05 -0400] AUDIT: admin created a new rule in preparation for a change request
[Wed, 24 May 2006 23:27:01 -0400] 127.0.0.1 User logged out id1 admin
[Wed, 24 May 2006 23:27:11 -0400] 127.0.0.1 User logged in id41 sz1y0c [Mozilla/4.0 (compatible; MSIE 6.0; Windows NT 5.1; SV1; HCI0534; .NET CLR 1.1.4322)]
[Wed, 24 May 2006 23:27:22 -0400] AUDIT: sz1y0c created a new rule in preparation for a change request
[Wed, 24 May 2006 23:29:10 -0400] 127.0.0.1 User logged out id41 sz1y0c
[Wed, 24 May 2006 23:29:16 -0400] 127.0.0.1 User logged in id41 sz1y0c [Mozilla/4.0 (compatible; MSIE 6.0; Windows NT 5.1; SV1; HCI0534; .NET CLR 1.1.4322)]
[Wed, 24 May 2006 23:30:38 -0400] 127.0.0.1 User logged out id41 sz1y0c
[Wed, 24 May 2006 23:30:59 -0400] 127.0.0.1 Login attempt failed for user (FZHBV5)
[Wed, 24 May 2006 23:31:03 -0400] 127.0.0.1 User logged in id1 admin [Mozilla/4.0 (compatible; MSIE 6.0; Windows NT 5.1; SV1; HCI0534; .NET CLR 1.1.4322)]
[Wed, 24 May 2006 23:31:23 -0400] AUDIT: Password reset and user details updated for FZHBV5 by admin
[Wed, 24 May 2006 23:31:25 -0400] 127.0.0.1 User logged out id1 admin
[Wed, 24 May 2006 23:31:29 -0400] 127.0.0.1 User logged in id95 FZHBV5 [Mozilla/4.0 (compatible; MSIE 6.0; Windows NT 5.1; SV1; HCI0534; .NET CLR 1.1.4322)]
[Wed, 24 May 2006 23:32:11 -0400] AUDIT: FZHBV5 created a new rule in preparation for a change request
[Thu, 25 May 2006 11:25:16 -0400] 127.0.0.1 User logged in id1 admin [Mozilla/4.0 (compatible; MSIE 6.0; Windows NT 5.1; SV1; HCI0534; .NET CLR 1.1.4322)]
[Thu, 25 May 2006 13:57:13 -0400] 127.0.0.1 User logged out id1 admin
[Thu, 25 May 2006 13:57:17 -0400] 127.0.0.1 User logged in id1 admin [Mozilla/4.0 (compatible; MSIE 6.0; Windows NT 5.1; SV1; HCI0534; .NET CLR 1.1.4322)]
[Thu, 25 May 2006 13:59:01 -0400] AUDIT: admin created a new rule in preparation for a change request
[Thu, 25 May 2006 13:59:12 -0400] AUDIT: admindeleted 2 rules from the database.
[Fri, 26 May 2006 11:56:35 -0400] 127.0.0.1 Login attempt failed for user (admin)
[Fri, 26 May 2006 11:56:39 -0400] 127.0.0.1 User logged in id1 admin [Mozilla/4.0 (compatible; MSIE 6.0; Windows NT 5.1; SV1; HCI0534; .NET CLR 1.1.4322)]
[Fri, 26 May 2006 11:57:19 -0400] AUDIT: admin created a new rule in preparation for a change request
[Fri, 26 May 2006 12:00:54 -0400] AUDIT: admin created a new rule in preparation for a change request
[Fri, 26 May 2006 14:31:28 -0400] 127.0.0.1 User logged in id1 admin [Mozilla/4.0 (compatible; MSIE 6.0; Windows NT 5.1; SV1; HCI0534; .NET CLR 1.1.4322)]
[Fri, 26 May 2006 14:32:43 -0400] AUDIT: admin created a new rule in preparation for a change request
[Fri, 26 May 2006 16:46:54 -0400] 127.0.0.1 User logged in id1 admin [Mozilla/4.0 (compatible; MSIE 6.0; Windows NT 5.1; SV1; HCI0534; .NET CLR 1.1.4322)]
[Mon, 29 May 2006 21:11:35 -0400] 127.0.0.1 User logged in id1 admin [Mozilla/4.0 (compatible; MSIE 6.0; Windows NT 5.1; SV1; HCI0534; .NET CLR 1.1.4322)]
[Tue, 30 May 2006 14:12:56 -0400] AUDIT: Change request 52 submitted by admin
[Tue, 30 May 2006 14:18:08 -0400] AUDIT: Change request 53 submitted by admin
[Tue, 30 May 2006 14:22:32 -0400] AUDIT: Change request 54 submitted by admin
[Tue, 30 May 2006 14:28:26 -0400] AUDIT: admin created a new rule in preparation for a change request
[Tue, 30 May 2006 14:28:40 -0400] AUDIT: admin created a new rule in preparation for a change request
[Tue, 30 May 2006 14:28:51 -0400] AUDIT: admin created a new rule in preparation for a change request
[Tue, 30 May 2006 14:29:21 -0400] AUDIT: Change request 55 submitted by admin
[Tue, 30 May 2006 14:30:49 -0400] AUDIT: Change request 56 submitted by admin
[Tue, 30 May 2006 14:31:31 -0400] AUDIT: Change request 57 submitted by admin
[Tue, 30 May 2006 14:32:00 -0400] AUDIT: admindeleted 1 rules from the database.
[Tue, 30 May 2006 14:32:04 -0400] AUDIT: admindeleted 1 rules from the database.
[Tue, 30 May 2006 14:32:17 -0400] AUDIT: Change request 58 submitted by admin
[Tue, 30 May 2006 14:33:11 -0400] AUDIT: Change request 59 submitted by admin
[Tue, 30 May 2006 14:37:41 -0400] AUDIT: Change request 60 submitted by admin
[Tue, 30 May 2006 14:39:36 -0400] AUDIT: Change request 61 submitted by admin
[Tue, 30 May 2006 16:26:09 -0400] AUDIT: admin created a new rule in preparation for a change request
[Tue, 30 May 2006 16:26:32 -0400] AUDIT: Change request 62 submitted by admin
[Tue, 30 May 2006 16:27:52 -0400] AUDIT: admindeleted 1 rules from the database.
[Tue, 30 May 2006 16:31:13 -0400] AUDIT: admindeleted 1 rules from the database.
[Tue, 30 May 2006 16:31:25 -0400] AUDIT: admindeleted 2 rules from the database.
[Tue, 30 May 2006 16:31:59 -0400] AUDIT: admin created a new rule in preparation for a change request
[Tue, 30 May 2006 16:32:40 -0400] AUDIT: admin created a new rule in preparation for a change request
[Tue, 30 May 2006 16:33:03 -0400] AUDIT: admin created a new rule in preparation for a change request
[Tue, 30 May 2006 16:33:17 -0400] AUDIT: Change request 63 submitted by admin
[Tue, 30 May 2006 16:33:21 -0400] AUDIT: admindeleted 1 rules from the database.
[Tue, 30 May 2006 16:33:57 -0400] AUDIT: admin created a new rule in preparation for a change request
[Tue, 30 May 2006 16:34:35 -0400] AUDIT: Change request 64 submitted by admin
[Tue, 30 May 2006 16:34:57 -0400] AUDIT: admindeleted 1 rules from the database.
[Tue, 30 May 2006 16:56:32 -0400] AUDIT: admin created a new rule in preparation for a change request
[Tue, 30 May 2006 16:56:41 -0400] AUDIT: admindeleted 1 rules from the database.
[Tue, 30 May 2006 16:57:27 -0400] AUDIT: Change request 65 submitted by admin
[Tue, 30 May 2006 16:58:04 -0400] AUDIT: admindeleted 1 rules from the database.
[Tue, 30 May 2006 16:59:26 -0400] AUDIT: admin created a new rule in preparation for a change request
[Tue, 30 May 2006 16:59:45 -0400] AUDIT: Change request 66 submitted by admin
[Tue, 30 May 2006 17:03:48 -0400] AUDIT: admindeleted 1 rules from the database.
[Tue, 30 May 2006 17:05:09 -0400] AUDIT: admin created a new rule in preparation for a change request
[Tue, 30 May 2006 17:05:50 -0400] AUDIT: admindeleted 2 rules from the database.
[Tue, 30 May 2006 17:06:28 -0400] AUDIT: admin created a new rule in preparation for a change request
[Tue, 30 May 2006 17:07:45 -0400] AUDIT: admin created a new rule in preparation for a change request
[Tue, 30 May 2006 17:08:04 -0400] AUDIT: admin created a new rule in preparation for a change request
[Tue, 30 May 2006 17:08:35 -0400] AUDIT: Change request 67 submitted by admin
[Tue, 30 May 2006 17:11:17 -0400] AUDIT: Change request 68 submitted by admin
[Tue, 30 May 2006 17:11:43 -0400] AUDIT: Change request 69 submitted by admin
[Tue, 30 May 2006 17:13:10 -0400] AUDIT: Change request 70 submitted by admin
[Tue, 30 May 2006 17:14:23 -0400] AUDIT: admin created a new rule in preparation for a change request
[Tue, 30 May 2006 17:14:35 -0400] AUDIT: admin created a new rule in preparation for a change request
[Tue, 30 May 2006 17:15:37 -0400] AUDIT: Change request 71 submitted by admin
[Tue, 30 May 2006 17:20:42 -0400] AUDIT: Change request 72 submitted by admin
[Tue, 30 May 2006 17:22:06 -0400] AUDIT: admindeleted 4 rules from the database.
[Tue, 30 May 2006 17:38:00 -0400] AUDIT: admindeleted 1 rules from the database.
[Wed, 31 May 2006 14:56:45 -0400] 127.0.0.1 User logged in id1 admin [Mozilla/4.0 (compatible; MSIE 6.0; Windows NT 5.1; SV1; HCI0534; .NET CLR 1.1.4322)]
[Wed, 31 May 2006 21:36:04 -0400] AUDIT: admin created a new rule in preparation for a change request
[Wed, 31 May 2006 21:36:04 -0400] AUDIT: admin created a new rule in preparation for a change request
[Wed, 31 May 2006 21:36:04 -0400] AUDIT: admin created a new rule in preparation for a change request
[Wed, 31 May 2006 21:36:04 -0400] AUDIT: admin created a new rule in preparation for a change request
[Wed, 31 May 2006 21:36:04 -0400] AUDIT: admin created a new rule in preparation for a change request
[Wed, 31 May 2006 21:36:04 -0400] AUDIT: admin created a new rule in preparation for a change request
[Wed, 31 May 2006 21:36:04 -0400] AUDIT: admin created a new rule in preparation for a change request
[Wed, 31 May 2006 21:36:04 -0400] AUDIT: admin created a new rule in preparation for a change request
[Wed, 31 May 2006 21:36:04 -0400] AUDIT: admin created a new rule in preparation for a change request
[Wed, 31 May 2006 21:36:45 -0400] AUDIT: admindeleted 1 rules from the database.
[Wed, 31 May 2006 21:37:11 -0400] AUDIT: Change request 90 submitted by admin
[Thu,  1 Jun 2006 07:28:09 -0400] 127.0.0.1 User logged in id1 admin [Mozilla/4.0 (compatible; MSIE 6.0; Windows NT 5.1; SV1; HCI0534; .NET CLR 1.1.4322)]
[Thu,  1 Jun 2006 09:10:22 -0400] AUDIT: admin created a new rule in preparation for a change request
[Thu,  1 Jun 2006 09:10:22 -0400] AUDIT: admin created a new rule in preparation for a change request
[Thu,  1 Jun 2006 09:10:22 -0400] AUDIT: admin created a new rule in preparation for a change request
[Thu,  1 Jun 2006 09:10:22 -0400] AUDIT: admin created a new rule in preparation for a change request
[Thu,  1 Jun 2006 09:10:22 -0400] AUDIT: admin created a new rule in preparation for a change request
[Thu,  1 Jun 2006 09:10:22 -0400] AUDIT: admin created a new rule in preparation for a change request
[Thu,  1 Jun 2006 09:10:22 -0400] AUDIT: admin created a new rule in preparation for a change request
[Thu,  1 Jun 2006 09:10:23 -0400] AUDIT: admin created a new rule in preparation for a change request
[Thu,  1 Jun 2006 09:10:23 -0400] AUDIT: admin created a new rule in preparation for a change request
[Thu,  1 Jun 2006 09:53:15 -0400] AUDIT: admin created a new rule in preparation for a change request
[Thu,  1 Jun 2006 09:53:16 -0400] AUDIT: admin created a new rule in preparation for a change request
[Thu,  1 Jun 2006 09:53:16 -0400] AUDIT: admin created a new rule in preparation for a change request
[Thu,  1 Jun 2006 09:53:16 -0400] AUDIT: admin created a new rule in preparation for a change request
[Thu,  1 Jun 2006 09:53:16 -0400] AUDIT: admin created a new rule in preparation for a change request
[Thu,  1 Jun 2006 09:53:16 -0400] AUDIT: admin created a new rule in preparation for a change request
[Thu,  1 Jun 2006 09:53:16 -0400] AUDIT: admin created a new rule in preparation for a change request
[Thu,  1 Jun 2006 09:53:16 -0400] AUDIT: admin created a new rule in preparation for a change request
[Thu,  1 Jun 2006 09:53:16 -0400] AUDIT: admin created a new rule in preparation for a change request
[Thu,  1 Jun 2006 10:41:39 -0400] AUDIT: admindeleted 1 rules from the database.
[Thu,  1 Jun 2006 11:19:43 -0400] AUDIT: admindeleted 8 rules from the database.
[Thu,  1 Jun 2006 11:21:50 -0400] AUDIT: admindeleted 8 rules from the database.
[Thu,  1 Jun 2006 11:22:56 -0400] AUDIT: admindeleted 1 rules from the database.
[Thu,  1 Jun 2006 11:24:31 -0400] AUDIT: admin created a new rule in preparation for a change request
[Thu,  1 Jun 2006 11:24:31 -0400] AUDIT: admin created a new rule in preparation for a change request
[Thu,  1 Jun 2006 11:24:31 -0400] AUDIT: admin created a new rule in preparation for a change request
[Thu,  1 Jun 2006 11:24:31 -0400] AUDIT: admin created a new rule in preparation for a change request
[Thu,  1 Jun 2006 11:24:31 -0400] AUDIT: admin created a new rule in preparation for a change request
[Thu,  1 Jun 2006 11:24:31 -0400] AUDIT: admin created a new rule in preparation for a change request
[Thu,  1 Jun 2006 11:24:31 -0400] AUDIT: admin created a new rule in preparation for a change request
[Thu,  1 Jun 2006 11:24:31 -0400] AUDIT: admin created a new rule in preparation for a change request
[Thu,  1 Jun 2006 11:24:31 -0400] AUDIT: admin created a new rule in preparation for a change request
[Thu,  1 Jun 2006 11:25:11 -0400] AUDIT: admindeleted 9 rules from the database.
[Thu,  1 Jun 2006 11:26:26 -0400] AUDIT: admin created a new rule in preparation for a change request
[Thu,  1 Jun 2006 11:26:26 -0400] AUDIT: admin created a new rule in preparation for a change request
[Thu,  1 Jun 2006 11:26:26 -0400] AUDIT: admin created a new rule in preparation for a change request
[Thu,  1 Jun 2006 11:26:26 -0400] AUDIT: admin created a new rule in preparation for a change request
[Thu,  1 Jun 2006 11:26:26 -0400] AUDIT: admin created a new rule in preparation for a change request
[Thu,  1 Jun 2006 11:26:26 -0400] AUDIT: admin created a new rule in preparation for a change request
[Thu,  1 Jun 2006 11:26:26 -0400] AUDIT: admin created a new rule in preparation for a change request
[Thu,  1 Jun 2006 11:26:26 -0400] AUDIT: admin created a new rule in preparation for a change request
[Thu,  1 Jun 2006 11:26:26 -0400] AUDIT: admin created a new rule in preparation for a change request
[Thu,  1 Jun 2006 11:29:17 -0400] AUDIT: Change request 90 submitted by admin
[Thu,  1 Jun 2006 12:10:10 -0400] AUDIT: admin created a new rule in preparation for a change request
[Thu,  1 Jun 2006 12:10:10 -0400] AUDIT: admin created a new rule in preparation for a change request
[Thu,  1 Jun 2006 12:10:10 -0400] AUDIT: admin created a new rule in preparation for a change request
[Thu,  1 Jun 2006 12:10:10 -0400] AUDIT: admin created a new rule in preparation for a change request
[Thu,  1 Jun 2006 12:10:10 -0400] AUDIT: admin created a new rule in preparation for a change request
[Thu,  1 Jun 2006 12:10:10 -0400] AUDIT: admin created a new rule in preparation for a change request
[Thu,  1 Jun 2006 12:10:10 -0400] AUDIT: admin created a new rule in preparation for a change request
[Thu,  1 Jun 2006 12:10:10 -0400] AUDIT: admin created a new rule in preparation for a change request
[Thu,  1 Jun 2006 12:10:10 -0400] AUDIT: admin created a new rule in preparation for a change request
[Sat,  3 Jun 2006 07:53:40 -0400] 127.0.0.1 Login attempt failed for user (admin)
[Sat,  3 Jun 2006 07:53:49 -0400] 127.0.0.1 User logged in id1 admin [Mozilla/4.0 (compatible; MSIE 6.0; Windows NT 5.1; SV1; HCI0534; .NET CLR 1.1.4322)]
[Sun,  4 Jun 2006 22:41:58 -0400] 127.0.0.1 Login attempt failed for user (admin)
[Sun,  4 Jun 2006 22:42:01 -0400] 127.0.0.1 User logged in id1 admin [Mozilla/4.0 (compatible; MSIE 6.0; Windows NT 5.1; SV1; HCI0534; .NET CLR 1.1.4322)]
[Mon,  5 Jun 2006 17:15:04 -0400] 127.0.0.1 User logged in id1 admin [Mozilla/4.0 (compatible; MSIE 6.0; Windows NT 5.1; SV1; HCI0534; .NET CLR 1.1.4322)]
[Mon,  5 Jun 2006 17:16:14 -0400] AUDIT: admin created a new rule in preparation for a change request
[Mon,  5 Jun 2006 17:16:14 -0400] AUDIT: admin created a new rule in preparation for a change request
[Tue,  6 Jun 2006 07:41:24 -0400] 127.0.0.1 User logged in id1 admin [Mozilla/4.0 (compatible; MSIE 6.0; Windows NT 5.1; SV1; HCI0534; .NET CLR 1.1.4322)]
[Tue,  6 Jun 2006 09:16:22 -0400] AUDIT: admin created a new rule in preparation for a change request
[Tue,  6 Jun 2006 09:16:49 -0400] AUDIT: admin created a new rule in preparation for a change request
[Tue,  6 Jun 2006 09:16:49 -0400] AUDIT: admin created a new rule in preparation for a change request
[Tue,  6 Jun 2006 09:16:49 -0400] AUDIT: admin created a new rule in preparation for a change request
[Tue,  6 Jun 2006 09:16:49 -0400] AUDIT: admin created a new rule in preparation for a change request
[Tue,  6 Jun 2006 09:16:49 -0400] AUDIT: admin created a new rule in preparation for a change request
[Tue,  6 Jun 2006 09:16:49 -0400] AUDIT: admin created a new rule in preparation for a change request
[Tue,  6 Jun 2006 09:16:49 -0400] AUDIT: admin created a new rule in preparation for a change request
[Tue,  6 Jun 2006 09:16:49 -0400] AUDIT: admin created a new rule in preparation for a change request
[Tue,  6 Jun 2006 09:16:49 -0400] AUDIT: admin created a new rule in preparation for a change request
[Tue,  6 Jun 2006 09:17:34 -0400] AUDIT: admin created a new rule in preparation for a change request
[Tue,  6 Jun 2006 09:18:56 -0400] AUDIT: admin created a new rule in preparation for a change request
[Tue,  6 Jun 2006 09:20:48 -0400] AUDIT: admin created a new rule in preparation for a change request
[Tue,  6 Jun 2006 09:21:01 -0400] AUDIT: admin created a new rule in preparation for a change request
[Tue,  6 Jun 2006 09:21:09 -0400] AUDIT: admin created a new rule in preparation for a change request
[Tue,  6 Jun 2006 09:21:55 -0400] AUDIT: admin created a new rule in preparation for a change request
[Tue,  6 Jun 2006 09:23:13 -0400] AUDIT: admin created a new rule in preparation for a change request
[Tue,  6 Jun 2006 09:23:26 -0400] AUDIT: admin created a new rule in preparation for a change request
[Tue,  6 Jun 2006 09:23:44 -0400] AUDIT: admin created a new rule in preparation for a change request
[Tue,  6 Jun 2006 09:23:44 -0400] AUDIT: admin created a new rule in preparation for a change request
[Tue,  6 Jun 2006 09:23:54 -0400] AUDIT: admindeleted 41 rules from the database.
[Tue,  6 Jun 2006 09:24:26 -0400] AUDIT: admin created a new rule in preparation for a change request
[Tue,  6 Jun 2006 09:27:39 -0400] AUDIT: admin created a new rule in preparation for a change request
[Tue,  6 Jun 2006 09:27:39 -0400] AUDIT: admin created a new rule in preparation for a change request
[Tue,  6 Jun 2006 09:27:39 -0400] AUDIT: admin created a new rule in preparation for a change request
[Tue,  6 Jun 2006 09:27:39 -0400] AUDIT: admin created a new rule in preparation for a change request
[Tue,  6 Jun 2006 09:27:39 -0400] AUDIT: admin created a new rule in preparation for a change request
[Tue,  6 Jun 2006 09:27:39 -0400] AUDIT: admin created a new rule in preparation for a change request
[Tue,  6 Jun 2006 09:27:39 -0400] AUDIT: admin created a new rule in preparation for a change request
[Tue,  6 Jun 2006 09:27:39 -0400] AUDIT: admin created a new rule in preparation for a change request
[Tue,  6 Jun 2006 09:27:39 -0400] AUDIT: admin created a new rule in preparation for a change request
[Tue,  6 Jun 2006 09:30:41 -0400] AUDIT: Change request 91 submitted by admin
[Tue,  6 Jun 2006 09:32:08 -0400] AUDIT: Change request 92 submitted by admin
[Tue,  6 Jun 2006 09:37:17 -0400] AUDIT: Change request 93 submitted by admin
[Tue,  6 Jun 2006 10:18:47 -0400] AUDIT: admin created a new rule in preparation for a change request
[Tue,  6 Jun 2006 10:18:47 -0400] AUDIT: admin created a new rule in preparation for a change request
[Tue,  6 Jun 2006 10:18:47 -0400] AUDIT: admin created a new rule in preparation for a change request
[Tue,  6 Jun 2006 10:18:47 -0400] AUDIT: admin created a new rule in preparation for a change request
[Tue,  6 Jun 2006 10:18:47 -0400] AUDIT: admin created a new rule in preparation for a change request
[Tue,  6 Jun 2006 10:18:47 -0400] AUDIT: admin created a new rule in preparation for a change request
[Tue,  6 Jun 2006 10:18:47 -0400] AUDIT: admin created a new rule in preparation for a change request
[Tue,  6 Jun 2006 10:18:47 -0400] AUDIT: admin created a new rule in preparation for a change request
[Tue,  6 Jun 2006 10:18:47 -0400] AUDIT: admin created a new rule in preparation for a change request
[Tue,  6 Jun 2006 10:18:57 -0400] AUDIT: admin created a new rule in preparation for a change request
[Tue,  6 Jun 2006 10:18:58 -0400] AUDIT: admin created a new rule in preparation for a change request
[Tue,  6 Jun 2006 10:18:58 -0400] AUDIT: admin created a new rule in preparation for a change request
[Tue,  6 Jun 2006 10:18:58 -0400] AUDIT: admin created a new rule in preparation for a change request
[Tue,  6 Jun 2006 10:18:58 -0400] AUDIT: admin created a new rule in preparation for a change request
[Tue,  6 Jun 2006 10:18:58 -0400] AUDIT: admin created a new rule in preparation for a change request
[Tue,  6 Jun 2006 10:18:58 -0400] AUDIT: admin created a new rule in preparation for a change request
[Tue,  6 Jun 2006 10:18:58 -0400] AUDIT: admin created a new rule in preparation for a change request
[Tue,  6 Jun 2006 10:18:58 -0400] AUDIT: admin created a new rule in preparation for a change request
[Tue,  6 Jun 2006 10:31:34 -0400] AUDIT: Change request 94 submitted by admin
[Tue,  6 Jun 2006 13:52:41 -0400] 127.0.0.1 User logged in id1 admin [Mozilla/4.0 (compatible; MSIE 6.0; Windows NT 5.1; SV1; HCI0534; .NET CLR 1.1.4322)]
[Tue,  6 Jun 2006 13:53:08 -0400] AUDIT: admin created a new rule in preparation for a change request
[Tue,  6 Jun 2006 13:53:24 -0400] AUDIT: admin created a new rule in preparation for a change request
[Wed,  7 Jun 2006 10:40:30 -0400] 127.0.0.1 User logged in id1 admin [Mozilla/4.0 (compatible; MSIE 6.0; Windows NT 5.1; SV1; HCI0534; .NET CLR 1.1.4322)]
[Wed,  7 Jun 2006 14:19:41 -0400] AUDIT: admin created a new rule in preparation for a change request
[Wed,  7 Jun 2006 14:20:01 -0400] AUDIT: admindeleted 1 rules from the database.
[Wed,  7 Jun 2006 14:20:10 -0400] AUDIT: admindeleted 28 rules from the database.
[Wed,  7 Jun 2006 14:20:22 -0400] AUDIT: admin created a new rule in preparation for a change request
[Wed,  7 Jun 2006 14:20:22 -0400] AUDIT: admin created a new rule in preparation for a change request
[Wed,  7 Jun 2006 14:22:34 -0400] AUDIT: Change request 95 submitted by admin
[Wed,  7 Jun 2006 14:25:39 -0400] AUDIT: admindeleted 2 rules from the database.
[Wed,  7 Jun 2006 14:25:54 -0400] AUDIT: admin created a new rule in preparation for a change request
[Wed,  7 Jun 2006 14:25:54 -0400] AUDIT: admin created a new rule in preparation for a change request
[Wed,  7 Jun 2006 14:25:54 -0400] AUDIT: admin created a new rule in preparation for a change request
[Wed,  7 Jun 2006 14:25:54 -0400] AUDIT: admin created a new rule in preparation for a change request
[Wed,  7 Jun 2006 14:25:54 -0400] AUDIT: admin created a new rule in preparation for a change request
[Wed,  7 Jun 2006 14:25:54 -0400] AUDIT: admin created a new rule in preparation for a change request
[Wed,  7 Jun 2006 14:25:54 -0400] AUDIT: admin created a new rule in preparation for a change request
[Wed,  7 Jun 2006 14:25:54 -0400] AUDIT: admin created a new rule in preparation for a change request
[Wed,  7 Jun 2006 14:25:54 -0400] AUDIT: admin created a new rule in preparation for a change request
[Wed,  7 Jun 2006 14:26:20 -0400] AUDIT: Change request 96 submitted by admin
[Wed,  7 Jun 2006 14:35:48 -0400] AUDIT: admin created a new rule in preparation for a change request
[Wed,  7 Jun 2006 14:36:09 -0400] AUDIT: Change request 97 submitted by admin
[Wed,  7 Jun 2006 14:37:40 -0400] AUDIT: admin created a new rule in preparation for a change request
[Wed,  7 Jun 2006 14:37:40 -0400] AUDIT: admin created a new rule in preparation for a change request
[Wed,  7 Jun 2006 14:37:40 -0400] AUDIT: admin created a new rule in preparation for a change request
[Wed,  7 Jun 2006 14:37:40 -0400] AUDIT: admin created a new rule in preparation for a change request
[Wed,  7 Jun 2006 14:37:40 -0400] AUDIT: admin created a new rule in preparation for a change request
[Wed,  7 Jun 2006 14:37:40 -0400] AUDIT: admin created a new rule in preparation for a change request
[Wed,  7 Jun 2006 14:37:40 -0400] AUDIT: admin created a new rule in preparation for a change request
[Wed,  7 Jun 2006 14:37:40 -0400] AUDIT: admin created a new rule in preparation for a change request
[Wed,  7 Jun 2006 14:37:40 -0400] AUDIT: admin created a new rule in preparation for a change request
[Wed,  7 Jun 2006 14:38:54 -0400] AUDIT: admindeleted 11 rules from the database.
[Wed,  7 Jun 2006 14:39:47 -0400] AUDIT: admindeleted 2 rules from the database.
[Wed,  7 Jun 2006 14:48:52 -0400] AUDIT: admin created a new rule in preparation for a change request
[Wed,  7 Jun 2006 14:48:52 -0400] AUDIT: admin created a new rule in preparation for a change request
[Wed,  7 Jun 2006 14:48:52 -0400] AUDIT: admin created a new rule in preparation for a change request
[Wed,  7 Jun 2006 14:48:52 -0400] AUDIT: admin created a new rule in preparation for a change request
[Wed,  7 Jun 2006 14:48:52 -0400] AUDIT: admin created a new rule in preparation for a change request
[Wed,  7 Jun 2006 14:48:52 -0400] AUDIT: admin created a new rule in preparation for a change request
[Wed,  7 Jun 2006 14:48:52 -0400] AUDIT: admin created a new rule in preparation for a change request
[Wed,  7 Jun 2006 14:48:52 -0400] AUDIT: admin created a new rule in preparation for a change request
[Wed,  7 Jun 2006 14:48:52 -0400] AUDIT: admin created a new rule in preparation for a change request
[Wed,  7 Jun 2006 14:49:09 -0400] AUDIT: Change request 98 submitted by admin
[Wed,  7 Jun 2006 15:18:19 -0400] AUDIT: admin created a new rule in preparation for a change request
[Wed,  7 Jun 2006 15:18:19 -0400] AUDIT: admin created a new rule in preparation for a change request
[Wed,  7 Jun 2006 15:18:19 -0400] AUDIT: admin created a new rule in preparation for a change request
[Wed,  7 Jun 2006 15:18:19 -0400] AUDIT: admin created a new rule in preparation for a change request
[Wed,  7 Jun 2006 15:18:19 -0400] AUDIT: admin created a new rule in preparation for a change request
[Wed,  7 Jun 2006 15:18:19 -0400] AUDIT: admin created a new rule in preparation for a change request
[Wed,  7 Jun 2006 15:18:19 -0400] AUDIT: admin created a new rule in preparation for a change request
[Wed,  7 Jun 2006 15:18:19 -0400] AUDIT: admin created a new rule in preparation for a change request
[Wed,  7 Jun 2006 15:18:19 -0400] AUDIT: admin created a new rule in preparation for a change request
[Wed,  7 Jun 2006 15:18:34 -0400] AUDIT: Change request 99 submitted by admin
[Wed,  7 Jun 2006 15:20:42 -0400] AUDIT: admin created a new rule in preparation for a change request
[Wed,  7 Jun 2006 15:22:16 -0400] AUDIT: Change request 100 submitted by admin
[Wed,  7 Jun 2006 15:24:05 -0400] AUDIT: admin created a new rule in preparation for a change request
[Wed,  7 Jun 2006 15:24:05 -0400] AUDIT: admin created a new rule in preparation for a change request
[Wed,  7 Jun 2006 15:24:05 -0400] AUDIT: admin created a new rule in preparation for a change request
[Wed,  7 Jun 2006 15:24:05 -0400] AUDIT: admin created a new rule in preparation for a change request
[Wed,  7 Jun 2006 15:24:05 -0400] AUDIT: admin created a new rule in preparation for a change request
[Wed,  7 Jun 2006 15:24:05 -0400] AUDIT: admin created a new rule in preparation for a change request
[Wed,  7 Jun 2006 15:24:05 -0400] AUDIT: admin created a new rule in preparation for a change request
[Wed,  7 Jun 2006 15:24:05 -0400] AUDIT: admin created a new rule in preparation for a change request
[Wed,  7 Jun 2006 15:24:05 -0400] AUDIT: admin created a new rule in preparation for a change request
[Wed,  7 Jun 2006 15:24:25 -0400] AUDIT: Change request 101 submitted by admin
[Wed,  7 Jun 2006 15:30:01 -0400] AUDIT: admin created a new rule in preparation for a change request
[Wed,  7 Jun 2006 15:30:01 -0400] AUDIT: admin created a new rule in preparation for a change request
[Wed,  7 Jun 2006 15:30:01 -0400] AUDIT: admin created a new rule in preparation for a change request
[Wed,  7 Jun 2006 15:30:01 -0400] AUDIT: admin created a new rule in preparation for a change request
[Wed,  7 Jun 2006 15:30:01 -0400] AUDIT: admin created a new rule in preparation for a change request
[Wed,  7 Jun 2006 15:30:01 -0400] AUDIT: admin created a new rule in preparation for a change request
[Wed,  7 Jun 2006 15:30:01 -0400] AUDIT: admin created a new rule in preparation for a change request
[Wed,  7 Jun 2006 15:30:01 -0400] AUDIT: admin created a new rule in preparation for a change request
[Wed,  7 Jun 2006 15:30:01 -0400] AUDIT: admin created a new rule in preparation for a change request
[Wed,  7 Jun 2006 15:39:51 -0400] AUDIT: admindeleted 37 rules from the database.
[Wed,  7 Jun 2006 15:40:11 -0400] AUDIT: admin created a new rule in preparation for a change request
[Wed,  7 Jun 2006 15:40:11 -0400] AUDIT: admin created a new rule in preparation for a change request
[Wed,  7 Jun 2006 15:40:11 -0400] AUDIT: admin created a new rule in preparation for a change request
[Wed,  7 Jun 2006 15:40:11 -0400] AUDIT: admin created a new rule in preparation for a change request
[Wed,  7 Jun 2006 15:40:11 -0400] AUDIT: admin created a new rule in preparation for a change request
[Wed,  7 Jun 2006 15:40:11 -0400] AUDIT: admin created a new rule in preparation for a change request
[Wed,  7 Jun 2006 15:40:11 -0400] AUDIT: admin created a new rule in preparation for a change request
[Wed,  7 Jun 2006 15:40:11 -0400] AUDIT: admin created a new rule in preparation for a change request
[Wed,  7 Jun 2006 15:40:11 -0400] AUDIT: admin created a new rule in preparation for a change request
[Wed,  7 Jun 2006 15:40:25 -0400] AUDIT: Change request 102 submitted by admin
[Wed,  7 Jun 2006 15:53:54 -0400] AUDIT: admin created a new rule in preparation for a change request
[Wed,  7 Jun 2006 15:54:12 -0400] AUDIT: Change request 103 submitted by admin
[Wed,  7 Jun 2006 15:57:04 -0400] AUDIT: admindeleted 10 rules from the database.
[Wed,  7 Jun 2006 15:57:12 -0400] AUDIT: admin created a new rule in preparation for a change request
[Wed,  7 Jun 2006 15:57:12 -0400] AUDIT: admin created a new rule in preparation for a change request
[Wed,  7 Jun 2006 15:57:12 -0400] AUDIT: admin created a new rule in preparation for a change request
[Wed,  7 Jun 2006 15:57:12 -0400] AUDIT: admin created a new rule in preparation for a change request
[Wed,  7 Jun 2006 15:57:12 -0400] AUDIT: admin created a new rule in preparation for a change request
[Wed,  7 Jun 2006 15:57:12 -0400] AUDIT: admin created a new rule in preparation for a change request
[Wed,  7 Jun 2006 15:57:28 -0400] AUDIT: Change request 104 submitted by admin
[Wed,  7 Jun 2006 16:12:11 -0400] AUDIT: admin created a new rule in preparation for a change request
[Wed,  7 Jun 2006 16:12:11 -0400] AUDIT: admin created a new rule in preparation for a change request
[Wed,  7 Jun 2006 16:12:11 -0400] AUDIT: admin created a new rule in preparation for a change request
[Wed,  7 Jun 2006 16:12:11 -0400] AUDIT: admin created a new rule in preparation for a change request
[Wed,  7 Jun 2006 16:12:11 -0400] AUDIT: admin created a new rule in preparation for a change request
[Wed,  7 Jun 2006 16:12:11 -0400] AUDIT: admin created a new rule in preparation for a change request
[Wed,  7 Jun 2006 16:12:11 -0400] AUDIT: admin created a new rule in preparation for a change request
[Wed,  7 Jun 2006 16:12:11 -0400] AUDIT: admin created a new rule in preparation for a change request
[Wed,  7 Jun 2006 16:12:11 -0400] AUDIT: admin created a new rule in preparation for a change request
[Wed,  7 Jun 2006 16:12:31 -0400] AUDIT: admindeleted 6 rules from the database.
[Wed,  7 Jun 2006 16:12:39 -0400] AUDIT: Change request 105 submitted by admin
[Wed,  7 Jun 2006 16:14:18 -0400] AUDIT: admin created a new rule in preparation for a change request
[Wed,  7 Jun 2006 16:14:34 -0400] AUDIT: Change request 106 submitted by admin
[Wed,  7 Jun 2006 16:15:40 -0400] AUDIT: admindeleted 10 rules from the database.
[Wed,  7 Jun 2006 16:15:50 -0400] AUDIT: admin created a new rule in preparation for a change request
[Wed,  7 Jun 2006 16:15:50 -0400] AUDIT: admin created a new rule in preparation for a change request
[Wed,  7 Jun 2006 16:15:50 -0400] AUDIT: admin created a new rule in preparation for a change request
[Wed,  7 Jun 2006 16:15:50 -0400] AUDIT: admin created a new rule in preparation for a change request
[Wed,  7 Jun 2006 16:15:50 -0400] AUDIT: admin created a new rule in preparation for a change request
[Wed,  7 Jun 2006 16:15:50 -0400] AUDIT: admin created a new rule in preparation for a change request
[Wed,  7 Jun 2006 16:15:50 -0400] AUDIT: admin created a new rule in preparation for a change request
[Wed,  7 Jun 2006 16:15:50 -0400] AUDIT: admin created a new rule in preparation for a change request
[Wed,  7 Jun 2006 16:15:50 -0400] AUDIT: admin created a new rule in preparation for a change request
[Wed,  7 Jun 2006 16:16:03 -0400] AUDIT: Change request 107 submitted by admin
[Wed,  7 Jun 2006 16:27:53 -0400] AUDIT: admin created a new rule in preparation for a change request
[Wed,  7 Jun 2006 16:38:05 -0400] AUDIT: admin created a new rule in preparation for a change request
[Wed,  7 Jun 2006 16:38:05 -0400] AUDIT: admin created a new rule in preparation for a change request
[Wed,  7 Jun 2006 16:38:05 -0400] AUDIT: admin created a new rule in preparation for a change request
[Wed,  7 Jun 2006 16:38:05 -0400] AUDIT: admin created a new rule in preparation for a change request
[Wed,  7 Jun 2006 16:38:05 -0400] AUDIT: admin created a new rule in preparation for a change request
[Wed,  7 Jun 2006 16:38:05 -0400] AUDIT: admin created a new rule in preparation for a change request
[Wed,  7 Jun 2006 16:38:05 -0400] AUDIT: admin created a new rule in preparation for a change request
[Wed,  7 Jun 2006 16:38:05 -0400] AUDIT: admin created a new rule in preparation for a change request
[Wed,  7 Jun 2006 16:38:05 -0400] AUDIT: admin created a new rule in preparation for a change request
[Wed,  7 Jun 2006 17:44:45 -0400] AUDIT: admin created a new rule in preparation for a change request
[Wed,  7 Jun 2006 17:50:28 -0400] AUDIT: admin created a new rule in preparation for a change request
[Wed,  7 Jun 2006 17:52:10 -0400] AUDIT: admin created a new rule in preparation for a change request
[Wed,  7 Jun 2006 17:52:10 -0400] AUDIT: admin created a new rule in preparation for a change request
[Wed,  7 Jun 2006 17:52:10 -0400] AUDIT: admin created a new rule in preparation for a change request
[Wed,  7 Jun 2006 17:52:43 -0400] AUDIT: admindeleted 24 rules from the database.
[Wed,  7 Jun 2006 17:53:35 -0400] AUDIT: admin created a new rule in preparation for a change request
[Wed,  7 Jun 2006 17:55:39 -0400] AUDIT: admin created a new rule in preparation for a change request
[Wed,  7 Jun 2006 17:55:50 -0400] AUDIT: admin created a new rule in preparation for a change request
[Wed,  7 Jun 2006 17:55:50 -0400] AUDIT: admin created a new rule in preparation for a change request
[Wed,  7 Jun 2006 17:57:17 -0400] AUDIT: admin created a new rule in preparation for a change request
[Wed,  7 Jun 2006 17:57:42 -0400] AUDIT: admin created a new rule in preparation for a change request
[Wed,  7 Jun 2006 17:57:42 -0400] AUDIT: admin created a new rule in preparation for a change request
[Wed,  7 Jun 2006 17:57:42 -0400] AUDIT: admin created a new rule in preparation for a change request
[Wed,  7 Jun 2006 17:58:43 -0400] AUDIT: admin created a new rule in preparation for a change request
[Wed,  7 Jun 2006 17:59:04 -0400] AUDIT: admin created a new rule in preparation for a change request
[Wed,  7 Jun 2006 17:59:04 -0400] AUDIT: admin created a new rule in preparation for a change request
[Wed,  7 Jun 2006 18:22:33 -0400] AUDIT: admin created a new rule in preparation for a change request
[Wed,  7 Jun 2006 18:22:33 -0400] AUDIT: admin created a new rule in preparation for a change request
[Wed,  7 Jun 2006 18:28:31 -0400] AUDIT: admin created a new rule in preparation for a change request
[Wed,  7 Jun 2006 18:28:31 -0400] AUDIT: admin created a new rule in preparation for a change request
[Wed,  7 Jun 2006 18:28:50 -0400] AUDIT: admin created a new rule in preparation for a change request
[Wed,  7 Jun 2006 18:28:50 -0400] AUDIT: admin created a new rule in preparation for a change request
[Wed,  7 Jun 2006 18:28:50 -0400] AUDIT: admin created a new rule in preparation for a change request
[Wed,  7 Jun 2006 18:28:50 -0400] AUDIT: admin created a new rule in preparation for a change request
[Wed,  7 Jun 2006 18:28:50 -0400] AUDIT: admin created a new rule in preparation for a change request
[Wed,  7 Jun 2006 18:28:50 -0400] AUDIT: admin created a new rule in preparation for a change request
[Wed,  7 Jun 2006 18:28:50 -0400] AUDIT: admin created a new rule in preparation for a change request
[Wed,  7 Jun 2006 18:28:50 -0400] AUDIT: admin created a new rule in preparation for a change request
[Wed,  7 Jun 2006 18:28:50 -0400] AUDIT: admin created a new rule in preparation for a change request
[Wed,  7 Jun 2006 18:29:00 -0400] AUDIT: admin created a new rule in preparation for a change request
[Wed,  7 Jun 2006 18:29:00 -0400] AUDIT: admin created a new rule in preparation for a change request
[Wed,  7 Jun 2006 18:29:00 -0400] AUDIT: admin created a new rule in preparation for a change request
[Wed,  7 Jun 2006 18:29:00 -0400] AUDIT: admin created a new rule in preparation for a change request
[Wed,  7 Jun 2006 18:29:06 -0400] AUDIT: admindeleted 28 rules from the database.
[Thu,  8 Jun 2006 08:21:42 -0400] 127.0.0.1 User logged in id1 admin [Mozilla/4.0 (compatible; MSIE 6.0; Windows NT 5.1; SV1; HCI0534; .NET CLR 1.1.4322)]
[Thu,  8 Jun 2006 08:22:05 -0400] AUDIT: admin created a new rule in preparation for a change request
[Thu,  8 Jun 2006 08:22:05 -0400] AUDIT: admin created a new rule in preparation for a change request
[Thu,  8 Jun 2006 08:22:05 -0400] AUDIT: admin created a new rule in preparation for a change request
[Thu,  8 Jun 2006 08:22:05 -0400] AUDIT: admin created a new rule in preparation for a change request
[Thu,  8 Jun 2006 08:22:05 -0400] AUDIT: admin created a new rule in preparation for a change request
[Thu,  8 Jun 2006 08:22:05 -0400] AUDIT: admin created a new rule in preparation for a change request
[Thu,  8 Jun 2006 08:22:05 -0400] AUDIT: admin created a new rule in preparation for a change request
[Thu,  8 Jun 2006 08:22:05 -0400] AUDIT: admin created a new rule in preparation for a change request
[Thu,  8 Jun 2006 08:22:05 -0400] AUDIT: admin created a new rule in preparation for a change request
[Thu,  8 Jun 2006 08:22:48 -0400] AUDIT: Change request 108 submitted by admin
[Thu,  8 Jun 2006 08:48:37 -0400] AUDIT: admindeleted 9 rules from the database.
[Thu,  8 Jun 2006 08:48:55 -0400] AUDIT: admin created a new rule in preparation for a change request
[Thu,  8 Jun 2006 08:48:55 -0400] AUDIT: admin created a new rule in preparation for a change request
[Thu,  8 Jun 2006 08:48:55 -0400] AUDIT: admin created a new rule in preparation for a change request
[Thu,  8 Jun 2006 08:48:56 -0400] AUDIT: admin created a new rule in preparation for a change request
[Thu,  8 Jun 2006 08:48:56 -0400] AUDIT: admin created a new rule in preparation for a change request
[Thu,  8 Jun 2006 08:48:56 -0400] AUDIT: admin created a new rule in preparation for a change request
[Thu,  8 Jun 2006 08:48:56 -0400] AUDIT: admin created a new rule in preparation for a change request
[Thu,  8 Jun 2006 08:48:56 -0400] AUDIT: admin created a new rule in preparation for a change request
[Thu,  8 Jun 2006 08:48:56 -0400] AUDIT: admin created a new rule in preparation for a change request
[Thu,  8 Jun 2006 08:49:13 -0400] AUDIT: Change request 109 submitted by admin
[Thu,  8 Jun 2006 08:56:27 -0400] AUDIT: admin created a new rule in preparation for a change request
[Thu,  8 Jun 2006 08:56:45 -0400] AUDIT: Change request 110 submitted by admin
[Thu,  8 Jun 2006 11:43:44 -0400] AUDIT: admin created a new rule in preparation for a change request
[Thu,  8 Jun 2006 11:43:44 -0400] AUDIT: admin created a new rule in preparation for a change request
[Thu,  8 Jun 2006 11:43:44 -0400] AUDIT: admin created a new rule in preparation for a change request
[Thu,  8 Jun 2006 11:43:44 -0400] AUDIT: admin created a new rule in preparation for a change request
[Thu,  8 Jun 2006 11:43:44 -0400] AUDIT: admin created a new rule in preparation for a change request
[Thu,  8 Jun 2006 11:43:44 -0400] AUDIT: admin created a new rule in preparation for a change request
[Thu,  8 Jun 2006 11:43:44 -0400] AUDIT: admin created a new rule in preparation for a change request
[Thu,  8 Jun 2006 11:43:44 -0400] AUDIT: admin created a new rule in preparation for a change request
[Thu,  8 Jun 2006 11:43:44 -0400] AUDIT: admin created a new rule in preparation for a change request
[Thu,  8 Jun 2006 11:44:03 -0400] AUDIT: Change request 111 submitted by admin
[Thu,  8 Jun 2006 18:04:20 -0400] 127.0.0.1 User logged in id1 admin [Mozilla/4.0 (compatible; MSIE 6.0; Windows NT 5.1; SV1; HCI0534; .NET CLR 1.1.4322)]
[Mon, 12 Jun 2006 13:58:42 -0400] 127.0.0.1 User logged in id1 admin [Mozilla/5.0 (Windows; U; Windows NT 5.1; en-US; rv:1.7.12) Gecko/20050915 Firefox/1.0.7 (ax)]
[Wed, 14 Jun 2006 15:07:38 -0400] 127.0.0.1 User logged in id1 admin [Mozilla/4.0 (compatible; MSIE 6.0; Windows NT 5.1; SV1; HCI0534; .NET CLR 1.1.4322)]
[Thu, 15 Jun 2006 08:45:51 -0400] 127.0.0.1 User logged in id1 admin [Mozilla/4.0 (compatible; MSIE 6.0; Windows NT 5.1; SV1; HCI0534; .NET CLR 1.1.4322)]
[Thu, 15 Jun 2006 08:57:15 -0400] AUDIT: admin created a new rule in preparation for a change request
[Thu, 15 Jun 2006 08:57:15 -0400] AUDIT: admin created a new rule in preparation for a change request
[Thu, 15 Jun 2006 08:57:15 -0400] AUDIT: admin created a new rule in preparation for a change request
[Thu, 15 Jun 2006 08:57:15 -0400] AUDIT: admin created a new rule in preparation for a change request
[Thu, 15 Jun 2006 08:57:15 -0400] AUDIT: admin created a new rule in preparation for a change request
[Thu, 15 Jun 2006 08:57:15 -0400] AUDIT: admin created a new rule in preparation for a change request
[Thu, 15 Jun 2006 08:57:15 -0400] AUDIT: admin created a new rule in preparation for a change request
[Thu, 15 Jun 2006 08:57:15 -0400] AUDIT: admin created a new rule in preparation for a change request
[Thu, 15 Jun 2006 08:57:15 -0400] AUDIT: admin created a new rule in preparation for a change request
[Wed, 12 Jul 2006 11:55:00 -0400] 127.0.0.1 Login attempt failed for user (admin)
[Wed, 12 Jul 2006 11:55:04 -0400] 127.0.0.1 User logged in id1 admin [Mozilla/4.0 (compatible; MSIE 6.0; Windows NT 5.1; SV1; HCI0534; .NET CLR 1.1.4322)]
[Tue, 25 Jul 2006 19:58:10 -0400] 127.0.0.1 User logged in id1 admin [Mozilla/4.0 (compatible; MSIE 6.0; Windows NT 5.1; SV1; HCI0534; .NET CLR 1.1.4322)]
[Fri,  4 Aug 2006 09:37:21 -0400] 127.0.0.1 User logged in id1 admin [Mozilla/4.0 (compatible; MSIE 6.0; Windows NT 5.1; SV1; HCI0534; .NET CLR 1.1.4322)]
[Fri,  4 Aug 2006 14:41:56 -0400] 127.0.0.1 User logged in id1 admin [Mozilla/4.0 (compatible; MSIE 6.0; Windows NT 5.1; SV1; HCI0534; .NET CLR 1.1.4322)]
[Fri, 11 Aug 2006 18:21:30 -0400] 127.0.0.1 User logged in id1 admin [Mozilla/4.0 (compatible; MSIE 6.0; Windows NT 5.1; SV1; HCI0534; .NET CLR 1.1.4322)]
[Wed, 16 Aug 2006 13:40:58 -0400] 127.0.0.1 User logged in id1 admin [Mozilla/4.0 (compatible; MSIE 6.0; Windows NT 5.1; SV1; HCI0534; .NET CLR 1.1.4322)]
[Wed, 16 Aug 2006 13:43:21 -0400] 127.0.0.1 User logged in id1 admin [Mozilla/4.0 (compatible; MSIE 6.0; Windows NT 5.1; SV1; HCI0534; .NET CLR 1.1.4322)]
[Wed, 16 Aug 2006 14:04:23 -0400] 127.0.0.1 User logged out id1 admin
[Wed, 16 Aug 2006 14:11:07 -0400] 127.0.0.1 User logged in id1 admin [Mozilla/4.0 (compatible; MSIE 6.0; Windows NT 5.1; SV1; HCI0534; .NET CLR 1.1.4322)]
[Wed, 16 Aug 2006 14:22:32 -0400] AUDIT: admin created a new rule in preparation for a change request
[Wed, 16 Aug 2006 14:22:32 -0400] AUDIT: admin created a new rule in preparation for a change request
[Wed, 16 Aug 2006 14:23:45 -0400] AUDIT: admindeleted 2 rules from the database.
[Wed, 16 Aug 2006 14:24:45 -0400] AUDIT: admin created a new rule in preparation for a change request
[Wed, 16 Aug 2006 14:27:47 -0400] AUDIT: Change request 53 submitted by admin
[Wed, 16 Aug 2006 14:28:49 -0400] AUDIT: Change request 54 submitted by admin
[Wed, 16 Aug 2006 14:32:32 -0400] AUDIT: admin created a new rule in preparation for a change request
[Wed, 16 Aug 2006 14:34:11 -0400] AUDIT: Change request 55 submitted by admin
[Wed, 16 Aug 2006 14:40:02 -0400] AUDIT: admin created a new rule in preparation for a change request
[Thu, 24 Aug 2006 09:10:15 -0400] 127.0.0.1 User logged in id1 admin [Mozilla/4.0 (compatible; MSIE 6.0; Windows NT 5.1; SV1; HCI0534; .NET CLR 1.1.4322)]
[Fri, 25 Aug 2006 16:34:47 -0400] 127.0.0.1 User logged in id1 admin [Mozilla/4.0 (compatible; MSIE 6.0; Windows NT 5.1; SV1; HCI0534; .NET CLR 1.1.4322)]
[Mon, 18 Sep 2006 11:15:32 -0400] 127.0.0.1 Login attempt failed for user (admin)
[Mon, 18 Sep 2006 11:15:36 -0400] 127.0.0.1 Login attempt failed for user (admin)
[Mon, 18 Sep 2006 11:15:43 -0400] 127.0.0.1 Login attempt failed for user (mjarjour)
[Mon, 18 Sep 2006 11:15:47 -0400] 127.0.0.1 Login attempt failed for user (mjarjour)
[Mon, 18 Sep 2006 11:15:54 -0400] 127.0.0.1 Login attempt failed for user (mjarjour)
[Mon, 18 Sep 2006 11:15:58 -0400] 127.0.0.1 Login attempt failed for user (mjarjour)
[Mon, 18 Sep 2006 11:18:43 -0400] 127.0.0.1 Login attempt failed for user (admin)
[Mon, 18 Sep 2006 11:20:01 -0400] 127.0.0.1 Login attempt failed for user (marc)
[Mon, 18 Sep 2006 11:20:43 -0400] 127.0.0.1 User logged in id admin [Mozilla/4.0 (compatible; MSIE 6.0; Windows NT 5.1; SV1; HCI0534; .NET CLR 1.1.4322)]
[Mon, 18 Sep 2006 11:22:17 -0400] 127.0.0.1 User logged out id admin
[Mon, 18 Sep 2006 11:22:39 -0400] 127.0.0.1 User logged in id1 admin [Mozilla/4.0 (compatible; MSIE 6.0; Windows NT 5.1; SV1; HCI0534; .NET CLR 1.1.4322)]
[Mon, 18 Sep 2006 11:22:41 -0400] 127.0.0.1 User logged out id1 admin
[Mon, 18 Sep 2006 11:22:47 -0400] 127.0.0.1 User logged in id1 admin [Mozilla/4.0 (compatible; MSIE 6.0; Windows NT 5.1; SV1; HCI0534; .NET CLR 1.1.4322)]
[Mon, 18 Sep 2006 11:24:04 -0400] AUDIT: Password changed for user ID 1 by admin
[Mon, 18 Sep 2006 11:24:08 -0400] 127.0.0.1 User logged out id1 admin
[Mon, 18 Sep 2006 11:24:12 -0400] 127.0.0.1 User logged in id1 admin [Mozilla/4.0 (compatible; MSIE 6.0; Windows NT 5.1; SV1; HCI0534; .NET CLR 1.1.4322)]
[Mon, 18 Sep 2006 11:24:27 -0400] 127.0.0.1 User logged out id1 admin
[Mon, 18 Sep 2006 11:24:31 -0400] 127.0.0.1 Login attempt failed for user (admin)
[Mon, 18 Sep 2006 11:24:34 -0400] 127.0.0.1 Login attempt failed for user (admin)
[Mon, 18 Sep 2006 11:24:48 -0400] 127.0.0.1 User logged in id1 admin [Mozilla/4.0 (compatible; MSIE 6.0; Windows NT 5.1; SV1; HCI0534; .NET CLR 1.1.4322)]
[Mon, 18 Sep 2006 11:24:57 -0400] AUDIT: Password changed for user ID 1 by admin
[Mon, 18 Sep 2006 11:25:08 -0400] 127.0.0.1 User logged out id1 admin
[Mon, 18 Sep 2006 11:25:12 -0400] 127.0.0.1 User logged in id1 admin [Mozilla/4.0 (compatible; MSIE 6.0; Windows NT 5.1; SV1; HCI0534; .NET CLR 1.1.4322)]
[Mon, 18 Sep 2006 11:32:23 -0400] 127.0.0.1 Login attempt failed for user (admin)
[Mon, 18 Sep 2006 11:32:27 -0400] 127.0.0.1 Login attempt failed for user (admin)
[Mon, 18 Sep 2006 11:32:31 -0400] 127.0.0.1 Login attempt failed for user (admin)
[Mon, 18 Sep 2006 11:32:46 -0400] 127.0.0.1 User logged in id1 admin [Mozilla/4.0 (compatible; MSIE 6.0; Windows NT 5.1; SV1; HCI0534; .NET CLR 1.1.4322)]
[Mon, 18 Sep 2006 16:00:49 -0400] 127.0.0.1 Login attempt failed for user (admin)
[Mon, 18 Sep 2006 16:00:53 -0400] 127.0.0.1 User logged in id1 admin [Mozilla/4.0 (compatible; MSIE 6.0; Windows NT 5.1; SV1; HCI0534; .NET CLR 1.1.4322)]
[Mon, 18 Sep 2006 17:52:44 -0400] 127.0.0.1 User logged in id1 admin [Mozilla/4.0 (compatible; MSIE 6.0; Windows NT 5.1; SV1; HCI0534; .NET CLR 1.1.4322)]
[Mon, 18 Sep 2006 17:52:51 -0400] AUDIT: admindeleted 39 rules from the database.
[Mon, 18 Sep 2006 18:06:56 -0400] AUDIT: admin created a new rule in preparation for a change request
[Mon, 18 Sep 2006 18:27:37 -0400] AUDIT: User marc added by admin
[Mon, 18 Sep 2006 18:27:40 -0400] 127.0.0.1 User logged out id1 admin
[Mon, 18 Sep 2006 18:27:46 -0400] 127.0.0.1 User logged in id226 marc [Mozilla/4.0 (compatible; MSIE 6.0; Windows NT 5.1; SV1; HCI0534; .NET CLR 1.1.4322)]
[Mon, 18 Sep 2006 21:20:26 -0400] 127.0.0.1 User logged out id226 marc
[Mon, 18 Sep 2006 21:20:32 -0400] 127.0.0.1 User logged in id1 admin [Mozilla/4.0 (compatible; MSIE 6.0; Windows NT 5.1; SV1; HCI0534; .NET CLR 1.1.4322)]
[Mon, 25 Sep 2006 18:12:13 -0400] 127.0.0.1 Login attempt failed for user (admin)
[Mon, 25 Sep 2006 18:12:19 -0400] 127.0.0.1 User logged in id1 admin [Mozilla/4.0 (compatible; MSIE 6.0; Windows NT 5.1; SV1; HCI0534; .NET CLR 1.1.4322)]
[Tue, 26 Sep 2006 13:24:36 -0400] 127.0.0.1 Login attempt failed for user (admin)
[Tue, 26 Sep 2006 13:24:39 -0400] 127.0.0.1 User logged in id1 admin [Mozilla/4.0 (compatible; MSIE 6.0; Windows NT 5.1; SV1; HCI0534; .NET CLR 1.1.4322)]
[Sun,  1 Oct 2006 21:04:04 -0400] 127.0.0.1 User logged in id1 admin [Mozilla/4.0 (compatible; MSIE 6.0; Windows NT 5.1; SV1; HCI0534; .NET CLR 1.1.4322)]
[Wed,  4 Oct 2006 14:30:05 -0400] 127.0.0.1 User logged in id1 admin [Mozilla/4.0 (compatible; MSIE 6.0; Windows NT 5.1; SV1; HCI0534; .NET CLR 1.1.4322)]
[Wed,  4 Oct 2006 16:50:26 -0400] 127.0.0.1 User logged in id1 admin [Mozilla/4.0 (compatible; MSIE 6.0; Windows NT 5.1; SV1; HCI0534; .NET CLR 1.1.4322)]
[Mon, 16 Oct 2006 11:55:03 -0400] 127.0.0.1 Login attempt failed for user (admin)
[Mon, 16 Oct 2006 11:55:07 -0400] 127.0.0.1 User logged in id1 admin [Mozilla/4.0 (compatible; MSIE 6.0; Windows NT 5.1; SV1; HCI0534; .NET CLR 1.1.4322)]
[Mon, 16 Oct 2006 11:58:29 -0400] AUDIT: admindeleted 1 rules from the database.
[Mon, 16 Oct 2006 11:59:20 -0400] AUDIT: admin created a new rule in preparation for a change request
[Mon, 16 Oct 2006 12:00:01 -0400] AUDIT: Change request 530 submitted by admin
[Tue, 17 Oct 2006 13:48:43 -0400] 127.0.0.1 User logged in id1 admin [Mozilla/4.0 (compatible; MSIE 6.0; Windows NT 5.1; SV1; HCI0534; .NET CLR 1.1.4322)]
[Tue, 17 Oct 2006 14:13:17 -0400] AUDIT: Password reset and user details updated for mjarjour by admin
[Tue, 17 Oct 2006 14:13:21 -0400] 127.0.0.1 User logged out id1 admin
[Tue, 17 Oct 2006 14:13:27 -0400] 127.0.0.1 User logged in id40 mjarjour [Mozilla/4.0 (compatible; MSIE 6.0; Windows NT 5.1; SV1; HCI0534; .NET CLR 1.1.4322)]
[Tue, 17 Oct 2006 14:13:45 -0400] 127.0.0.1 User logged out id40 mjarjour
[Tue, 17 Oct 2006 14:13:51 -0400] 127.0.0.1 User logged in id1 admin [Mozilla/4.0 (compatible; MSIE 6.0; Windows NT 5.1; SV1; HCI0534; .NET CLR 1.1.4322)]
[Tue, 17 Oct 2006 14:14:25 -0400] AUDIT: Password reset and user details updated for mjarjour by admin
[Tue, 17 Oct 2006 14:14:27 -0400] 127.0.0.1 User logged out id1 admin
[Tue, 17 Oct 2006 14:14:32 -0400] 127.0.0.1 User logged in id40 mjarjour [Mozilla/4.0 (compatible; MSIE 6.0; Windows NT 5.1; SV1; HCI0534; .NET CLR 1.1.4322)]
[Tue, 17 Oct 2006 14:19:45 -0400] 127.0.0.1 User logged out id40 mjarjour
[Tue, 17 Oct 2006 14:19:52 -0400] 127.0.0.1 User logged in id1 admin [Mozilla/4.0 (compatible; MSIE 6.0; Windows NT 5.1; SV1; HCI0534; .NET CLR 1.1.4322)]
[Tue, 17 Oct 2006 14:21:46 -0400] AUDIT: admindeleted 1 rules from the database.
[Tue, 17 Oct 2006 14:22:44 -0400] AUDIT: admin created a new rule in preparation for a change request
[Tue, 17 Oct 2006 15:22:55 -0400] 127.0.0.1 User logged out id1 admin
[Tue, 17 Oct 2006 16:06:52 -0400] 127.0.0.1 User logged in id1 admin [Mozilla/4.0 (compatible; MSIE 6.0; Windows NT 5.1; SV1; HCI0534; .NET CLR 1.1.4322)]
[Tue, 17 Oct 2006 16:13:26 -0400] AUDIT: admin created a new rule in preparation for a change request
[Tue, 17 Oct 2006 16:15:10 -0400] AUDIT: Change request 531 submitted by admin
[Tue, 17 Oct 2006 16:19:04 -0400] AUDIT: admin created a new rule in preparation for a change request
[Tue, 17 Oct 2006 16:19:04 -0400] AUDIT: admin created a new rule in preparation for a change request
[Tue, 17 Oct 2006 16:24:00 -0400] AUDIT: Parameter category ONLYCPU added by admin
[Tue, 17 Oct 2006 16:24:25 -0400] AUDIT: User group ONLYCPUGROUP added by admin
[Tue, 17 Oct 2006 16:26:21 -0400] AUDIT: User onlycpu added by admin
[Tue, 17 Oct 2006 16:28:58 -0400] 127.0.0.1 User logged out id1 admin
[Tue, 17 Oct 2006 16:29:04 -0400] 127.0.0.1 User logged in id40 mjarjour [Mozilla/4.0 (compatible; MSIE 6.0; Windows NT 5.1; SV1; HCI0534; .NET CLR 1.1.4322)]
[Tue, 17 Oct 2006 16:29:56 -0400] AUDIT: mjarjour created a new rule in preparation for a change request
[Tue, 17 Oct 2006 16:30:11 -0400] AUDIT: mjarjour created a new rule in preparation for a change request
[Tue, 17 Oct 2006 16:30:43 -0400] AUDIT: Change request 533 submitted by mjarjour
[Tue,  5 Dec 2006 14:21:58 -0500] 127.0.0.1 Login attempt failed for user (admin)
[Tue,  5 Dec 2006 14:22:02 -0500] 127.0.0.1 Login attempt failed for user (admin)
[Tue,  5 Dec 2006 14:22:05 -0500] 127.0.0.1 Login attempt failed for user (admin)
[Tue,  5 Dec 2006 14:22:09 -0500] 127.0.0.1 Login attempt failed for user (mjarjour)
[Tue,  5 Dec 2006 14:22:13 -0500] 127.0.0.1 Login attempt failed for user (admin)
[Mon,  7 May 2007 11:34:59 -0400] 127.0.0.1 User logged in id1 admin [Mozilla/4.0 (compatible; MSIE 7.0; Windows NT 5.1; HCI0534; .NET CLR 1.1.4322)]
[Wed,  9 May 2007 13:08:56 -0400] 127.0.0.1 User logged in id1 admin [Mozilla/4.0 (compatible; MSIE 7.0; Windows NT 5.1; HCI0534; .NET CLR 1.1.4322)]
[Fri, 11 May 2007 09:16:03 -0400] 127.0.0.1 User logged in id1 admin [Mozilla/4.0 (compatible; MSIE 7.0; Windows NT 5.1; HCI0534; .NET CLR 1.1.4322)]
[Wed, 22 Jul 2015 12:39:21 -0500] AUDIT: admin created a new rule in preparation for a change request
[Wed, 22 Jul 2015 12:40:09 -0500] 10.0.1.23 User logged out id41 admin
[Wed, 22 Jul 2015 12:40:21 -0500] 10.0.1.23 User logged in id41 admin [Mozilla/5.0 (Windows NT 6.3; WOW64) AppleWebKit/537.36 (KHTML, like Gecko) Chrome/43.0.2357.134 Safari/537.36]
